<?xml version="1.0" encoding="UTF-8"?>
<testng-results skipped="0" failed="0" ignored="0" total="1" passed="1">
  <reporter-output>
  </reporter-output>
  <suite name="APITest.test5_Parameters" duration-ms="2918" started-at="2020-03-10T14:37:09 EET" finished-at="2020-03-10T14:37:12 EET">
    <groups>
    </groups>
    <test name="Command line test" duration-ms="2918" started-at="2020-03-10T14:37:09 EET" finished-at="2020-03-10T14:37:12 EET">
      <class name="APITest.test5_Parameters">
        <test-method status="PASS" signature="testPathParam()[pri:0, instance:APITest.test5_Parameters@1e397ed7]" name="testPathParam" duration-ms="2854" started-at="2020-03-10T14:37:09 EET" finished-at="2020-03-10T14:37:12 EET">
          <reporter-output>
          </reporter-output>
        </test-method> <!-- testPathParam -->
      </class> <!-- APITest.test5_Parameters -->
    </test> <!-- Command line test -->
  </suite> <!-- APITest.test5_Parameters -->
</testng-results>
